[24-Feb-2024 11:02:08 UTC] PHP Fatal error:  Uncaught Error: Call to undefined function mysql_connect() in /var/www/html/cms/wp-includes/wp-db.php:1688
Stack trace:
#0 /var/www/html/cms/wp-includes/wp-db.php(632): wpdb->db_connect()
#1 /var/www/html/cms/wp-includes/load.php(558): wpdb->__construct('damd00002-1', '5vkAk2YR', 'damd00002-1', '10.202.0.2')
#2 /var/www/html/cms/wp-settings.php(124): require_wp_db()
#3 /var/www/html/cms/wp-config.php(97): require_once('/var/www/html/c...')
#4 /var/www/html/cms/wp-load.php(50): require_once('/var/www/html/c...')
#5 /var/www/html/cms/wp-blog-header.php(13): require_once('/var/www/html/c...')
#6 /var/www/html/index.php(17): require('/var/www/html/c...')
#7 {main}
  thrown in /var/www/html/cms/wp-includes/wp-db.php on line 1688
[24-Feb-2024 11:57:25 UTC] PHP Fatal error:  Uncaught Error: Call to undefined function mysql_connect() in /var/www/html/cms/wp-includes/wp-db.php:1688
Stack trace:
#0 /var/www/html/cms/wp-includes/wp-db.php(632): wpdb->db_connect()
#1 /var/www/html/cms/wp-includes/load.php(558): wpdb->__construct('damd00002-1', '5vkAk2YR', 'damd00002-1', '10.202.0.2')
#2 /var/www/html/cms/wp-settings.php(124): require_wp_db()
#3 /var/www/html/cms/wp-config.php(97): require_once('/var/www/html/c...')
#4 /var/www/html/cms/wp-load.php(50): require_once('/var/www/html/c...')
#5 /var/www/html/cms/wp-blog-header.php(13): require_once('/var/www/html/c...')
#6 /var/www/html/index.php(17): require('/var/www/html/c...')
#7 {main}
  thrown in /var/www/html/cms/wp-includes/wp-db.php on line 1688
[24-Feb-2024 13:12:20 UTC] PHP Fatal error:  Uncaught Error: Call to undefined function mysql_connect() in /var/www/html/cms/wp-includes/wp-db.php:1688
Stack trace:
#0 /var/www/html/cms/wp-includes/wp-db.php(632): wpdb->db_connect()
#1 /var/www/html/cms/wp-includes/load.php(558): wpdb->__construct('damd00002-1', '5vkAk2YR', 'damd00002-1', '10.202.0.2')
#2 /var/www/html/cms/wp-settings.php(124): require_wp_db()
#3 /var/www/html/cms/wp-config.php(97): require_once('/var/www/html/c...')
#4 /var/www/html/cms/wp-load.php(50): require_once('/var/www/html/c...')
#5 /var/www/html/cms/wp-blog-header.php(13): require_once('/var/www/html/c...')
#6 /var/www/html/index.php(17): require('/var/www/html/c...')
#7 {main}
  thrown in /var/www/html/cms/wp-includes/wp-db.php on line 1688
[24-Feb-2024 13:14:19 UTC] PHP Fatal error:  Uncaught Error: Call to undefined function mysql_connect() in /var/www/html/cms/wp-includes/wp-db.php:1688
Stack trace:
#0 /var/www/html/cms/wp-includes/wp-db.php(632): wpdb->db_connect()
#1 /var/www/html/cms/wp-includes/load.php(558): wpdb->__construct('damd00002-1', '5vkAk2YR', 'damd00002-1', '10.202.0.2')
#2 /var/www/html/cms/wp-settings.php(124): require_wp_db()
#3 /var/www/html/cms/wp-config.php(97): require_once('/var/www/html/c...')
#4 /var/www/html/cms/wp-load.php(50): require_once('/var/www/html/c...')
#5 /var/www/html/cms/wp-blog-header.php(13): require_once('/var/www/html/c...')
#6 /var/www/html/index.php(17): require('/var/www/html/c...')
#7 {main}
  thrown in /var/www/html/cms/wp-includes/wp-db.php on line 1688
[24-Feb-2024 13:14:26 UTC] PHP Fatal error:  Uncaught Error: Call to undefined function mysql_connect() in /var/www/html/cms/wp-includes/wp-db.php:1688
Stack trace:
#0 /var/www/html/cms/wp-includes/wp-db.php(632): wpdb->db_connect()
#1 /var/www/html/cms/wp-includes/load.php(558): wpdb->__construct('damd00002-1', '5vkAk2YR', 'damd00002-1', '10.202.0.2')
#2 /var/www/html/cms/wp-settings.php(124): require_wp_db()
#3 /var/www/html/cms/wp-config.php(97): require_once('/var/www/html/c...')
#4 /var/www/html/cms/wp-load.php(50): require_once('/var/www/html/c...')
#5 /var/www/html/cms/wp-blog-header.php(13): require_once('/var/www/html/c...')
#6 /var/www/html/index.php(17): require('/var/www/html/c...')
#7 {main}
  thrown in /var/www/html/cms/wp-includes/wp-db.php on line 1688
[24-Feb-2024 13:14:54 UTC] PHP Fatal error:  Uncaught Error: Call to undefined function mysql_connect() in /var/www/html/cms/wp-includes/wp-db.php:1688
Stack trace:
#0 /var/www/html/cms/wp-includes/wp-db.php(632): wpdb->db_connect()
#1 /var/www/html/cms/wp-includes/load.php(558): wpdb->__construct('damd00002-1', '5vkAk2YR', 'damd00002-1', '10.202.0.2')
#2 /var/www/html/cms/wp-settings.php(124): require_wp_db()
#3 /var/www/html/cms/wp-config.php(97): require_once('/var/www/html/c...')
#4 /var/www/html/cms/wp-load.php(50): require_once('/var/www/html/c...')
#5 /var/www/html/cms/wp-blog-header.php(13): require_once('/var/www/html/c...')
#6 /var/www/html/index.php(17): require('/var/www/html/c...')
#7 {main}
  thrown in /var/www/html/cms/wp-includes/wp-db.php on line 1688
[24-Feb-2024 13:15:01 UTC] PHP Fatal error:  Uncaught Error: Call to undefined function mysql_connect() in /var/www/html/cms/wp-includes/wp-db.php:1688
Stack trace:
#0 /var/www/html/cms/wp-includes/wp-db.php(632): wpdb->db_connect()
#1 /var/www/html/cms/wp-includes/load.php(558): wpdb->__construct('damd00002-1', '5vkAk2YR', 'damd00002-1', '10.202.0.2')
#2 /var/www/html/cms/wp-settings.php(124): require_wp_db()
#3 /var/www/html/cms/wp-config.php(97): require_once('/var/www/html/c...')
#4 /var/www/html/cms/wp-load.php(50): require_once('/var/www/html/c...')
#5 /var/www/html/cms/wp-blog-header.php(13): require_once('/var/www/html/c...')
#6 /var/www/html/index.php(17): require('/var/www/html/c...')
#7 {main}
  thrown in /var/www/html/cms/wp-includes/wp-db.php on line 1688
[24-Feb-2024 14:01:05 UTC] PHP Fatal error:  Uncaught Error: Call to undefined function mysql_connect() in /var/www/html/cms/wp-includes/wp-db.php:1688
Stack trace:
#0 /var/www/html/cms/wp-includes/wp-db.php(632): wpdb->db_connect()
#1 /var/www/html/cms/wp-includes/load.php(558): wpdb->__construct('damd00002-1', '5vkAk2YR', 'damd00002-1', '10.202.0.2')
#2 /var/www/html/cms/wp-settings.php(124): require_wp_db()
#3 /var/www/html/cms/wp-config.php(97): require_once('/var/www/html/c...')
#4 /var/www/html/cms/wp-load.php(50): require_once('/var/www/html/c...')
#5 /var/www/html/cms/wp-blog-header.php(13): require_once('/var/www/html/c...')
#6 /var/www/html/index.php(17): require('/var/www/html/c...')
#7 {main}
  thrown in /var/www/html/cms/wp-includes/wp-db.php on line 1688
